<?xml version="1.0" encoding="UTF-8"?>
<!-- Generated by org.testng.reporters.JUnitReportReporter -->
<testsuite hostname="DESKTOP-0P4JERA" failures="0" tests="4" name="runner.TestRunner" time="125.993" errors="0" timestamp="2025-06-26T17:42:35 IST" skipped="0">
  <testcase classname="runner.TestRunner" name="runScenario" time="2.889"/>
  <testcase classname="runner.TestRunner" name="runScenario" time="16.596"/>
  <testcase classname="runner.TestRunner" name="runScenario" time="76.632"/>
  <testcase classname="runner.TestRunner" name="runScenario" time="29.876"/>
</testsuite> <!-- runner.TestRunner -->
