<?xml version="1.0" encoding="UTF-8"?>
<!-- Generated by org.testng.reporters.JUnitReportReporter -->
<testsuite hostname="DESKTOP-0P4JERA" failures="0" tests="4" name="runner.TestRunner" time="116.120" errors="0" timestamp="2025-06-26T17:56:16 IST" skipped="0">
  <testcase classname="runner.TestRunner" name="runScenario" time="27.154"/>
  <testcase classname="runner.TestRunner" name="runScenario" time="2.596"/>
  <testcase classname="runner.TestRunner" name="runScenario" time="70.262"/>
  <testcase classname="runner.TestRunner" name="runScenario" time="16.108"/>
</testsuite> <!-- runner.TestRunner -->
